2020-07-01 15:13:54,491 [Worker-3: Loading available Gradle versions] INFO  o.e.b.c.i.u.g.PublishedGradleVersions - Gradle version information cache is up-to-date. Trying to read.
2020-07-01 18:34:40,332 [Worker-4: Loading available Gradle versions] INFO  o.e.b.c.i.u.g.PublishedGradleVersions - Gradle version information cache is up-to-date. Trying to read.
2020-07-01 18:35:27,792 [Worker-0: Loading available Gradle versions] INFO  o.e.b.c.i.u.g.PublishedGradleVersions - Gradle version information cache is up-to-date. Trying to read.
2020-07-01 18:36:26,469 [Worker-2: Loading available Gradle versions] INFO  o.e.b.c.i.u.g.PublishedGradleVersions - Gradle version information cache is up-to-date. Trying to read.
2020-07-01 18:37:51,799 [Worker-5: Loading available Gradle versions] INFO  o.e.b.c.i.u.g.PublishedGradleVersions - Gradle version information cache is up-to-date. Trying to read.
2020-07-01 18:38:44,669 [Worker-0: Loading available Gradle versions] INFO  o.e.b.c.i.u.g.PublishedGradleVersions - Gradle version information cache is up-to-date. Trying to read.
2020-07-01 18:43:37,026 [Worker-2: Loading available Gradle versions] INFO  o.e.b.c.i.u.g.PublishedGradleVersions - Gradle version information cache is up-to-date. Trying to read.
2020-07-01 18:45:11,622 [Start Help Server] INFO  org.eclipse.jetty.util.log - Logging initialized @66179ms to org.eclipse.jetty.util.log.Slf4jLog
2020-07-01 18:45:11,986 [Start Help Server] INFO  org.eclipse.jetty.server.Server - jetty-9.4.27.v20200227; built: 2020-03-02T14:40:42.212Z; git: a304fd9f351f337e7c0e2a7c28878dd536149c6c; jvm 1.8.0_181-b13
2020-07-01 18:45:12,155 [Start Help Server] INFO  org.eclipse.jetty.server.session - DefaultSessionIdManager workerName=node0
2020-07-01 18:45:12,156 [Start Help Server] INFO  org.eclipse.jetty.server.session - No SessionScavenger set, using defaults
2020-07-01 18:45:12,158 [Start Help Server] INFO  org.eclipse.jetty.server.session - node0 Scavenging every 600000ms
2020-07-01 18:45:12,238 [Start Help Server] INFO  o.e.j.server.handler.ContextHandler - Started o.e.j.s.ServletContextHandler@2de8884e{/help,null,AVAILABLE}
2020-07-01 18:45:12,281 [Start Help Server] INFO  o.e.jetty.server.AbstractConnector - Started ServerConnector@281ab02c{HTTP/1.1, (http/1.1)}{127.0.0.1:50157}
2020-07-01 18:45:12,284 [Start Help Server] INFO  org.eclipse.jetty.server.Server - Started @66851ms
2020-07-01 18:45:12,284 [Start Help Server] INFO  org.eclipse.jetty.server.session - node0 Scavenging every 660000ms
2020-07-01 18:47:07,337 [Stop Help Server] INFO  o.e.jetty.server.AbstractConnector - Stopped ServerConnector@281ab02c{HTTP/1.1, (http/1.1)}{127.0.0.1:0}
2020-07-01 18:47:07,338 [Stop Help Server] INFO  org.eclipse.jetty.server.session - node0 Stopped scavenging
2020-07-01 18:47:07,432 [Stop Help Server] INFO  o.e.j.server.handler.ContextHandler - Stopped o.e.j.s.ServletContextHandler@2de8884e{/help,null,UNAVAILABLE}
2020-07-01 18:57:29,283 [Worker-0: Loading available Gradle versions] INFO  o.e.b.c.i.u.g.PublishedGradleVersions - Gradle version information cache is up-to-date. Trying to read.
